2013/01/30 18:47:05 INFO  - jmeter.util.JMeterUtils: Setting Locale to it_IT 
2013/01/30 18:47:05 ERROR - jmeter.util.JMeterUtils: Could not find resources for 'it_IT' 
2013/01/30 18:47:05 INFO  - jmeter.JMeter: Loading user properties from: /srv/server/apache-jmeter-2.8/bin/user.properties 
2013/01/30 18:47:05 INFO  - jmeter.JMeter: Loading system properties from: /srv/server/apache-jmeter-2.8/bin/system.properties 
2013/01/30 18:47:05 INFO  - jmeter.JMeter: Copyright (c) 1998-2012 The Apache Software Foundation 
2013/01/30 18:47:05 INFO  - jmeter.JMeter: Version 2.8 r1393162 
2013/01/30 18:47:05 INFO  - jmeter.JMeter: java.version=1.7.0_09 
2013/01/30 18:47:05 INFO  - jmeter.JMeter: java.vm.name=Java HotSpot(TM) Server VM 
2013/01/30 18:47:05 INFO  - jmeter.JMeter: os.name=Linux 
2013/01/30 18:47:05 INFO  - jmeter.JMeter: os.arch=i386 
2013/01/30 18:47:05 INFO  - jmeter.JMeter: os.version=3.2.0-23-generic-pae 
2013/01/30 18:47:05 INFO  - jmeter.JMeter: file.encoding=UTF-8 
2013/01/30 18:47:05 INFO  - jmeter.JMeter: Default Locale=italiano (Italia) 
2013/01/30 18:47:05 INFO  - jmeter.JMeter: JMeter  Locale=italiano (Italia) 
2013/01/30 18:47:05 INFO  - jmeter.JMeter: JMeterHome=/srv/server/apache-jmeter-2.8 
2013/01/30 18:47:05 INFO  - jmeter.JMeter: user.dir  =/srv/server/apache-jmeter-2.8/bin 
2013/01/30 18:47:05 INFO  - jmeter.JMeter: PWD       =/srv/server/apache-jmeter-2.8/bin 
2013/01/30 18:47:05 INFO  - jmeter.JMeter: IP: 127.0.1.1 Name: uniants FullName: uniants 
2013/01/30 18:47:05 INFO  - jmeter.engine.RemoteJMeterEngineImpl: Starting backing engine on 1099 
2013/01/30 18:47:05 INFO  - jmeter.engine.RemoteJMeterEngineImpl: IP address=127.0.1.1 
2013/01/30 18:47:05 ERROR - jmeter.JMeter: Giving up, as server failed with: java.rmi.RemoteException: Cannot start. uniants is a loopback address.
	at org.apache.jmeter.engine.RemoteJMeterEngineImpl.init(RemoteJMeterEngineImpl.java:102)
	at org.apache.jmeter.engine.RemoteJMeterEngineImpl.startServer(RemoteJMeterEngineImpl.java:81)
	at org.apache.jmeter.JMeter.start(JMeter.java:359)
	at sun.reflect.NativeMethodAccessorImpl.invoke0(Native Method)
	at sun.reflect.NativeMethodAccessorImpl.invoke(NativeMethodAccessorImpl.java:57)
	at sun.reflect.DelegatingMethodAccessorImpl.invoke(DelegatingMethodAccessorImpl.java:43)
	at java.lang.reflect.Method.invoke(Method.java:601)
	at org.apache.jmeter.NewDriver.main(NewDriver.java:216)

2013/01/30 18:47:05 FATAL - jmeter.JMeter: An error occurred:  java.rmi.RemoteException: Cannot start. uniants is a loopback address.
	at org.apache.jmeter.engine.RemoteJMeterEngineImpl.init(RemoteJMeterEngineImpl.java:102)
	at org.apache.jmeter.engine.RemoteJMeterEngineImpl.startServer(RemoteJMeterEngineImpl.java:81)
	at org.apache.jmeter.JMeter.start(JMeter.java:359)
	at sun.reflect.NativeMethodAccessorImpl.invoke0(Native Method)
	at sun.reflect.NativeMethodAccessorImpl.invoke(NativeMethodAccessorImpl.java:57)
	at sun.reflect.DelegatingMethodAccessorImpl.invoke(DelegatingMethodAccessorImpl.java:43)
	at java.lang.reflect.Method.invoke(Method.java:601)
	at org.apache.jmeter.NewDriver.main(NewDriver.java:216)

